<?xml version="1.0" encoding="UTF-8"?>
<!-- Generated by org.testng.reporters.JUnitReportReporter -->
<testsuite hostname="Nandini_PC" failures="0" tests="1" name="Section14.test1" time="0.024" errors="0" timestamp="10 Mar 2023 21:30:48 GMT">
  <testcase classname="Section14.test1" name="streamCollect" time="0.024"/>
</testsuite> <!-- Section14.test1 -->
